<?xml version="1.0" encoding="UTF-8"?>
<!-- Generated by org.testng.reporters.JUnitReportReporter -->
<testsuite hostname="DESKTOP-SGS3T33" failures="0" tests="1" name="com.actitime.pom.Testclass" time="64.732" errors="0" timestamp="2022-08-24T22:26:47 IST" skipped="0">
  <testcase classname="com.actitime.pom.Testclass" name="demoTestclass" time="64.732"/>
  <system-out/>
</testsuite> <!-- com.actitime.pom.Testclass -->
