<?xml version="1.0" encoding="UTF-8"?>
<!-- Generated by org.testng.reporters.JUnitReportReporter -->
<testsuite hostname="DESKTOP-SGS3T33" failures="0" tests="1" name="com.actitime.pom.Testclass1" time="33.366" errors="0" timestamp="2022-08-24T19:55:08 IST" skipped="0">
  <testcase classname="com.actitime.pom.Testclass1" name="demoTestclass" time="33.366"/>
  <system-out/>
</testsuite> <!-- com.actitime.pom.Testclass1 -->
