<?xml version="1.0" encoding="UTF-8"?>
<!-- Generated by org.testng.reporters.JUnitReportReporter -->
<testsuite hostname="DESKTOP-SGS3T33" failures="0" tests="3" name="com.actitime.TestScript.customerModule" time="0.082" errors="0" timestamp="2022-08-16T14:19:53 IST" skipped="0">
  <testcase classname="com.actitime.TestScript.customerModule" name="createcustomer" time="0.037"/>
  <system-out>
    <![CDATA[createcustomer]]>
  </system-out>
  <testcase classname="com.actitime.TestScript.customerModule" name="modifycustomer" time="0.040"/>
  <system-out>
    <![CDATA[modifycustomer]]>
  </system-out>
  <testcase classname="com.actitime.TestScript.customerModule" name="deletecustomer" time="0.005"/>
  <system-out>
    <![CDATA[deletecustomer]]>
  </system-out>
</testsuite> <!-- com.actitime.TestScript.customerModule -->
