<?xml version="1.0" encoding="UTF-8"?>
<!-- Generated by org.testng.reporters.JUnitReportReporter -->
<testsuite hostname="DESKTOP-SGS3T33" failures="0" tests="1" name="com.actitime.pom.mainlogout" time="98.628" errors="0" timestamp="2022-08-24T23:29:53 IST" skipped="0">
  <testcase classname="com.actitime.pom.mainlogout" name="main" time="98.628"/>
  <system-out/>
</testsuite> <!-- com.actitime.pom.mainlogout -->
