<?xml version="1.0" encoding="UTF-8"?>
<!-- Generated by org.testng.reporters.JUnitReportReporter -->
<testsuite hostname="DESKTOP-SGS3T33" failures="0" tests="5" name="com.actitime.generic.DemotestNG" time="0.059" errors="0" timestamp="2022-08-13T11:02:15 IST" skipped="0">
  <testcase classname="com.actitime.generic.DemotestNG" name="Bdemo" time="0.043"/>
  <system-out>
    <![CDATA[how]]>
  </system-out>
  <testcase classname="com.actitime.generic.DemotestNG" name="demo" time="0.004"/>
  <system-out>
    <![CDATA[hello]]>
  </system-out>
  <testcase classname="com.actitime.generic.DemotestNG" name="demo" time="0.005"/>
  <system-out>
    <![CDATA[hello]]>
  </system-out>
  <testcase classname="com.actitime.generic.DemotestNG" name="demo" time="0.002"/>
  <system-out>
    <![CDATA[hello]]>
  </system-out>
  <testcase classname="com.actitime.generic.DemotestNG" name="demo" time="0.005"/>
  <system-out>
    <![CDATA[hello]]>
  </system-out>
</testsuite> <!-- com.actitime.generic.DemotestNG -->
