<?xml version="1.0" encoding="UTF-8"?>
<!-- Generated by org.testng.reporters.JUnitReportReporter -->
<testsuite hostname="DESKTOP-SGS3T33" failures="0" tests="3" name="com.actitime.TestScript.DemotestNG" time="0.011" errors="0" timestamp="2022-08-16T14:11:32 IST" skipped="0">
  <testcase classname="com.actitime.TestScript.DemotestNG" name="Bdemo" time="0.003"/>
  <system-out>
    <![CDATA[how]]>
  </system-out>
  <testcase classname="com.actitime.TestScript.DemotestNG" name="CdemoTest" time="0.005"/>
  <system-out>
    <![CDATA[hi]]>
  </system-out>
  <testcase classname="com.actitime.TestScript.DemotestNG" name="Ademo" time="0.003"/>
  <system-out>
    <![CDATA[hello]]>
  </system-out>
</testsuite> <!-- com.actitime.TestScript.DemotestNG -->
