<?xml version="1.0" encoding="UTF-8"?>
<!-- Generated by org.testng.reporters.JUnitReportReporter -->
<testsuite hostname="DESKTOP-SGS3T33" failures="0" tests="1" name="com.actitime.TestScript.DemoScreenshot" time="10.234" errors="0" timestamp="2022-08-18T19:16:33 IST" skipped="0">
  <testcase classname="com.actitime.TestScript.DemoScreenshot" name="Testscreenshot" time="10.234"/>
  <system-out/>
</testsuite> <!-- com.actitime.TestScript.DemoScreenshot -->
